<?xml version="1.0" encoding="UTF-8"?>
<testng-results skipped="0" failed="0" ignored="0" total="4" passed="4">
  <reporter-output>
  </reporter-output>
  <suite name="InetBankingV1" duration-ms="17160" started-at="2019-12-01T05:52:22Z" finished-at="2019-12-01T05:52:39Z">
    <groups>
    </groups>
    <test name="RestaurantApp Test" duration-ms="17160" started-at="2019-12-01T05:52:22Z" finished-at="2019-12-01T05:52:39Z">
      <class name="com.Restaurant.testCases.TC_AddLoginCredentials_003">
        <test-method status="PASS" signature="setup(java.lang.String)[pri:0, instance:com.Restaurant.testCases.TC_AddLoginCredentials_003@604ed9f0]" name="setup" is-config="true" duration-ms="13164" started-at="2019-12-01T00:52:22Z" finished-at="2019-12-01T00:52:36Z">
          <params>
            <param index="0">
              <value>
                <![CDATA[chrome]]>
              </value>
            </param>
          </params>
          <reporter-output>
          </reporter-output>
        </test-method> <!-- setup -->
        <test-method status="PASS" signature="SignUpTest(java.lang.String, java.lang.String, java.lang.String)[pri:0, instance:com.Restaurant.testCases.TC_AddLoginCredentials_003@604ed9f0]" name="SignUpTest" duration-ms="502" started-at="2019-12-01T00:52:36Z" data-provider="LoginData" finished-at="2019-12-01T00:52:37Z">
          <params>
            <param index="0">
              <value>
                <![CDATA[]]>
              </value>
            </param>
            <param index="1">
              <value>
                <![CDATA[Name2@gmail.com]]>
              </value>
            </param>
            <param index="2">
              <value>
                <![CDATA[Apple124]]>
              </value>
            </param>
          </params>
          <reporter-output>
          </reporter-output>
        </test-method> <!-- SignUpTest -->
        <test-method status="PASS" signature="SignUpTest(java.lang.String, java.lang.String, java.lang.String)[pri:0, instance:com.Restaurant.testCases.TC_AddLoginCredentials_003@604ed9f0]" name="SignUpTest" duration-ms="386" started-at="2019-12-01T00:52:37Z" data-provider="LoginData" finished-at="2019-12-01T00:52:37Z">
          <params>
            <param index="0">
              <value>
                <![CDATA[NameB]]>
              </value>
            </param>
            <param index="1">
              <value>
                <![CDATA[]]>
              </value>
            </param>
            <param index="2">
              <value>
                <![CDATA[Apple125]]>
              </value>
            </param>
          </params>
          <reporter-output>
          </reporter-output>
        </test-method> <!-- SignUpTest -->
        <test-method status="PASS" signature="SignUpTest(java.lang.String, java.lang.String, java.lang.String)[pri:0, instance:com.Restaurant.testCases.TC_AddLoginCredentials_003@604ed9f0]" name="SignUpTest" duration-ms="570" started-at="2019-12-01T00:52:37Z" data-provider="LoginData" finished-at="2019-12-01T00:52:38Z">
          <params>
            <param index="0">
              <value>
                <![CDATA[NameC]]>
              </value>
            </param>
            <param index="1">
              <value>
                <![CDATA[Name4@gmail.com]]>
              </value>
            </param>
            <param index="2">
              <value>
                <![CDATA[]]>
              </value>
            </param>
          </params>
          <reporter-output>
          </reporter-output>
        </test-method> <!-- SignUpTest -->
        <test-method status="PASS" signature="SignUpTest(java.lang.String, java.lang.String, java.lang.String)[pri:0, instance:com.Restaurant.testCases.TC_AddLoginCredentials_003@604ed9f0]" name="SignUpTest" duration-ms="912" started-at="2019-12-01T00:52:38Z" data-provider="LoginData" finished-at="2019-12-01T00:52:39Z">
          <params>
            <param index="0">
              <value>
                <![CDATA[NameA]]>
              </value>
            </param>
            <param index="1">
              <value>
                <![CDATA[Name1@gmail.com]]>
              </value>
            </param>
            <param index="2">
              <value>
                <![CDATA[Apple123]]>
              </value>
            </param>
          </params>
          <reporter-output>
          </reporter-output>
        </test-method> <!-- SignUpTest -->
        <test-method status="PASS" signature="tearDown()[pri:0, instance:com.Restaurant.testCases.TC_AddLoginCredentials_003@604ed9f0]" name="tearDown" is-config="true" duration-ms="703" started-at="2019-12-01T00:52:39Z" finished-at="2019-12-01T00:52:39Z">
          <reporter-output>
          </reporter-output>
        </test-method> <!-- tearDown -->
      </class> <!-- com.Restaurant.testCases.TC_AddLoginCredentials_003 -->
    </test> <!-- RestaurantApp Test -->
  </suite> <!-- InetBankingV1 -->
</testng-results>
